0 info it worked if it ends with ok
1 verbose cli [ 'node', '/usr/local/bin/npm', 'install', 'bespoke-tishadow' ]
2 info using npm@1.3.2
3 info using node@v0.10.13
4 verbose readDependencies using package.json deps
5 verbose cache add [ 'bespoke-tishadow', null ]
6 verbose cache add name=undefined spec="bespoke-tishadow" args=["bespoke-tishadow",null]
7 verbose parsed url { protocol: null,
7 verbose parsed url   slashes: null,
7 verbose parsed url   auth: null,
7 verbose parsed url   host: null,
7 verbose parsed url   port: null,
7 verbose parsed url   hostname: null,
7 verbose parsed url   hash: null,
7 verbose parsed url   search: null,
7 verbose parsed url   query: null,
7 verbose parsed url   pathname: 'bespoke-tishadow',
7 verbose parsed url   path: 'bespoke-tishadow',
7 verbose parsed url   href: 'bespoke-tishadow' }
8 silly lockFile c16aae57-bespoke-tishadow bespoke-tishadow
9 verbose lock bespoke-tishadow /Users/yomybaby/.npm/c16aae57-bespoke-tishadow.lock
10 silly lockFile c16aae57-bespoke-tishadow bespoke-tishadow
11 silly lockFile c16aae57-bespoke-tishadow bespoke-tishadow
12 verbose addNamed [ 'bespoke-tishadow', '' ]
13 verbose addNamed [ null, '*' ]
14 silly lockFile 9d960689-bespoke-tishadow bespoke-tishadow@
15 verbose lock bespoke-tishadow@ /Users/yomybaby/.npm/9d960689-bespoke-tishadow.lock
16 silly addNameRange { name: 'bespoke-tishadow', range: '*', hasData: false }
17 verbose url raw bespoke-tishadow
18 verbose url resolving [ 'https://registry.npmjs.org/', './bespoke-tishadow' ]
19 verbose url resolved https://registry.npmjs.org/bespoke-tishadow
20 info trying registry request attempt 1 at 09:51:02
21 http GET https://registry.npmjs.org/bespoke-tishadow
22 http 404 https://registry.npmjs.org/bespoke-tishadow
23 silly registry.get cb [ 404,
23 silly registry.get   { date: 'Fri, 14 Feb 2014 00:51:03 GMT',
23 silly registry.get     server: 'CouchDB/1.5.0 (Erlang OTP/R16B)',
23 silly registry.get     'content-type': 'application/json',
23 silly registry.get     via: '1.1 varnish',
23 silly registry.get     'cache-control': 'max-age=0',
23 silly registry.get     'content-length': '52',
23 silly registry.get     'accept-ranges': 'bytes',
23 silly registry.get     age: '0',
23 silly registry.get     'x-served-by': 'cache-v44-ASH, cache-ty66-TYO',
23 silly registry.get     'x-cache': 'MISS, MISS',
23 silly registry.get     'x-cache-hits': '0, 0',
23 silly registry.get     'x-timer': 'S1392339063.377448797,VS0,VS94,VE200,VE279',
23 silly registry.get     'keep-alive': 'timeout=10, max=50',
23 silly registry.get     connection: 'Keep-Alive' } ]
24 silly lockFile 9d960689-bespoke-tishadow bespoke-tishadow@
25 silly lockFile 9d960689-bespoke-tishadow bespoke-tishadow@
26 error 404 'bespoke-tishadow' is not in the npm registry.
26 error 404 You should bug the author to publish it
26 error 404
26 error 404 Note that you can also install from a
26 error 404 tarball, folder, or http url, or git url.
27 error System Darwin 13.0.0
28 error command "node" "/usr/local/bin/npm" "install" "bespoke-tishadow"
29 error cwd /Users/yomybaby/Documents/TiWorkspace/_titanium_hello
30 error node -v v0.10.13
31 error npm -v 1.3.2
32 error code E404
33 verbose exit [ 1, true ]
